[2m2026-06-21T16:18:36.915947Z[0m [32m INFO[0m [2mnemotron_voice_input[0m[2m:[0m Nemotron Voice Input v0.0.0
[2m2026-06-21T16:18:36.917192Z[0m [32m INFO[0m [2mnemotron_voice_input::download[0m[2m:[0m All required model files present in "models"
[2m2026-06-21T16:18:36.917563Z[0m [32m INFO[0m [2mnemotron_voice_input[0m[2m:[0m Starting interactive mode
[2m2026-06-21T16:18:36.923266Z[0m [32m INFO[0m [2mnemotron_voice_input::audio::capture[0m[2m:[0m Using audio input device: 麥克風 (Realtek(R) Audio)
[2m2026-06-21T16:18:36.931040Z[0m [32m INFO[0m [2mnemotron_voice_input::audio::capture[0m[2m:[0m Default input config: 48000 Hz, 2 channels, F32
[2m2026-06-21T16:18:36.931767Z[0m [32m INFO[0m [2mnemotron_voice_input::hotkey::register[0m[2m:[0m Registered hotkey ToggleRecording (mods=0x4006, vk=0x71)
[2m2026-06-21T16:18:36.931961Z[0m [32m INFO[0m [2mnemotron_voice_input::hotkey::register[0m[2m:[0m Registered hotkey CycleLanguage (mods=0x4003, vk=0x4c)
[2m2026-06-21T16:18:36.932043Z[0m [32m INFO[0m [2mnemotron_voice_input::hotkey::register[0m[2m:[0m Registered hotkey Flush (mods=0x4003, vk=0x20)
[2m2026-06-21T16:18:36.932121Z[0m [32m INFO[0m [2mnemotron_voice_input::hotkey::register[0m[2m:[0m Registered hotkey PushToTalk (mods=0x4006, vk=0x4c)
[2m2026-06-21T16:18:36.932220Z[0m [32m INFO[0m [2mnemotron_voice_input[0m[2m:[0m Hotkeys registered: ToggleRecording(Ctrl+Shift+F2), CycleLanguage(Ctrl+Alt+L), Flush(Ctrl+Alt+Space), PushToTalk(Ctrl+Shift+L)
[2m2026-06-21T16:18:36.932305Z[0m [32m INFO[0m [2mnemotron_voice_input[0m[2m:[0m UI language: Chinese
[2m2026-06-21T16:18:36.934226Z[0m [32m INFO[0m [2mnemotron_voice_input::ui::tray[0m[2m:[0m Hidden tray window created (HWND=HWND(0xd0b24))
[2m2026-06-21T16:18:36.951267Z[0m [32m INFO[0m [2mnemotron_voice_input::ui::tray[0m[2m:[0m Tray icon added
[2m2026-06-21T16:18:36.951523Z[0m [32m INFO[0m [2mnemotron_voice_input::ui::tray[0m[2m:[0m System tray initialized
[2m2026-06-21T16:18:36.984161Z[0m [32m INFO[0m [2mnemotron_voice_input::ui::config_window[0m[2m:[0m Config window opened
[2m2026-06-21T16:18:36.984556Z[0m [32m INFO[0m [2mnemotron_voice_input[0m[2m:[0m Audio thread priority set to 2
[2m2026-06-21T16:18:36.984907Z[0m [32m INFO[0m [2mnemotron_voice_input::asr::sherpa[0m[2m:[0m All required model files present in "models"
[2m2026-06-21T16:18:36.987503Z[0m [32m INFO[0m [2mnemotron_voice_input[0m[2m:[0m Chinese text converter initialized
[2m2026-06-21T16:18:36.987640Z[0m [32m INFO[0m [2mnemotron_voice_input[0m[2m:[0m Ready. Press Ctrl+Shift+F2 to start/stop recording, Ctrl+Shift+L for push-to-talk. Language: zh
[2m2026-06-21T16:18:40.232060Z[0m [32m INFO[0m [2mnemotron_voice_input::asr::sherpa[0m[2m:[0m Sherpa ASR engine initialized successfully
[2m2026-06-21T16:18:40.232241Z[0m [32m INFO[0m [2mnemotron_voice_input::asr::sherpa[0m[2m:[0m Language set to: zh
[2m2026-06-21T16:18:40.232320Z[0m [32m INFO[0m [2mnemotron_voice_input::asr::sherpa[0m[2m:[0m VAD enabled
[2m2026-06-21T16:18:40.232489Z[0m [32m INFO[0m [2mnemotron_voice_input[0m[2m:[0m Audio processing: capture 48000 Hz → target 16000 Hz, chunk 33600 → 11200 samples
