[2m2026-06-21T12:09:21.987182Z[0m [32m INFO[0m [2mnemotron_voice_input[0m[2m:[0m Nemotron Voice Input v0.0.0
[2m2026-06-21T12:09:21.988501Z[0m [32m INFO[0m [2mnemotron_voice_input::download[0m[2m:[0m All required model files present in "models"
[2m2026-06-21T12:09:21.988946Z[0m [32m INFO[0m [2mnemotron_voice_input[0m[2m:[0m Starting interactive mode
[2m2026-06-21T12:09:21.994637Z[0m [32m INFO[0m [2mnemotron_voice_input::audio::capture[0m[2m:[0m Using audio input device: 麥克風 (Realtek(R) Audio)
[2m2026-06-21T12:09:22.002705Z[0m [32m INFO[0m [2mnemotron_voice_input::audio::capture[0m[2m:[0m Default input config: 48000 Hz, 2 channels, F32
[2m2026-06-21T12:09:22.003372Z[0m [32m INFO[0m [2mnemotron_voice_input::hotkey::register[0m[2m:[0m Registered hotkey ToggleRecording (mods=0x4006, vk=0x71)
[2m2026-06-21T12:09:22.003552Z[0m [32m INFO[0m [2mnemotron_voice_input::hotkey::register[0m[2m:[0m Registered hotkey CycleLanguage (mods=0x4003, vk=0x4c)
[2m2026-06-21T12:09:22.003636Z[0m [32m INFO[0m [2mnemotron_voice_input::hotkey::register[0m[2m:[0m Registered hotkey Flush (mods=0x4003, vk=0x20)
[2m2026-06-21T12:09:22.003720Z[0m [32m INFO[0m [2mnemotron_voice_input[0m[2m:[0m Hotkeys registered: ToggleRecording(Ctrl+Shift+F2), CycleLanguage(Ctrl+Alt+L), Flush(Ctrl+Alt+Space)
[2m2026-06-21T12:09:22.003815Z[0m [32m INFO[0m [2mnemotron_voice_input[0m[2m:[0m UI language: Chinese
[2m2026-06-21T12:09:22.005568Z[0m [32m INFO[0m [2mnemotron_voice_input::ui::tray[0m[2m:[0m Hidden tray window created (HWND=HWND(0x3a04ea))
[2m2026-06-21T12:09:22.011226Z[0m [32m INFO[0m [2mnemotron_voice_input::ui::tray[0m[2m:[0m Tray icon added
[2m2026-06-21T12:09:22.011394Z[0m [32m INFO[0m [2mnemotron_voice_input::ui::tray[0m[2m:[0m System tray initialized
[2m2026-06-21T12:09:22.038488Z[0m [32m INFO[0m [2mnemotron_voice_input::ui::config_window[0m[2m:[0m Config window opened
[2m2026-06-21T12:09:22.038797Z[0m [32m INFO[0m [2mnemotron_voice_input[0m[2m:[0m Ready. Press Ctrl+Shift+F2 to start/stop recording. Language: zh
[2m2026-06-21T12:09:22.038883Z[0m [32m INFO[0m [2mnemotron_voice_input[0m[2m:[0m Audio thread priority set to 2
[2m2026-06-21T12:09:22.039280Z[0m [32m INFO[0m [2mnemotron_voice_input::asr::sherpa[0m[2m:[0m All required model files present in "models"
[2m2026-06-21T12:09:24.931389Z[0m [32m INFO[0m [2mnemotron_voice_input::asr::sherpa[0m[2m:[0m Sherpa ASR engine initialized successfully
[2m2026-06-21T12:09:24.935047Z[0m [32m INFO[0m [2mnemotron_voice_input::asr::sherpa[0m[2m:[0m Language set to: zh
[2m2026-06-21T12:09:24.935131Z[0m [32m INFO[0m [2mnemotron_voice_input::asr::sherpa[0m[2m:[0m VAD enabled
[2m2026-06-21T12:09:24.935265Z[0m [32m INFO[0m [2mnemotron_voice_input[0m[2m:[0m Audio processing: capture 48000 Hz → target 16000 Hz, chunk 33600 → 11200 samples
[2m2026-06-21T12:09:37.069990Z[0m [32m INFO[0m [2mnemotron_voice_input[0m[2m:[0m Hotkey action: ToggleRecording
[2m2026-06-21T12:09:37.076948Z[0m [32m INFO[0m [2mnemotron_voice_input::audio::capture[0m[2m:[0m Falling back to device default: 48000 Hz, 2 ch
[2m2026-06-21T12:09:37.117919Z[0m [32m INFO[0m [2mnemotron_voice_input::audio::capture[0m[2m:[0m Audio capture started (48000 Hz, 2 ch, target 16000 Hz)
[2m2026-06-21T12:09:37.139401Z[0m [32m INFO[0m [2mnemotron_voice_input[0m[2m:[0m Recording started - speak now
[2m2026-06-21T12:09:39.173261Z[0m [32m INFO[0m [2mnemotron_voice_input[0m[2m:[0m Hotkey action: ToggleRecording
[2m2026-06-21T12:09:39.177417Z[0m [32m INFO[0m [2mnemotron_voice_input::audio::capture[0m[2m:[0m Audio capture stopped
[2m2026-06-21T12:09:39.184091Z[0m [32m INFO[0m [2mnemotron_voice_input[0m[2m:[0m Recording stopped
