[2m2026-06-21T13:44:21.800573Z[0m [32m INFO[0m [2mnemotron_voice_input[0m[2m:[0m Nemotron Voice Input v0.0.0
[2m2026-06-21T13:44:21.801771Z[0m [32m INFO[0m [2mnemotron_voice_input::download[0m[2m:[0m All required model files present in "models"
[2m2026-06-21T13:44:21.802138Z[0m [32m INFO[0m [2mnemotron_voice_input[0m[2m:[0m Starting interactive mode
[2m2026-06-21T13:44:21.807821Z[0m [32m INFO[0m [2mnemotron_voice_input::audio::capture[0m[2m:[0m Using audio input device: 麥克風 (Realtek(R) Audio)
[2m2026-06-21T13:44:21.815747Z[0m [32m INFO[0m [2mnemotron_voice_input::audio::capture[0m[2m:[0m Default input config: 48000 Hz, 2 channels, F32
[2m2026-06-21T13:44:21.816353Z[0m [32m INFO[0m [2mnemotron_voice_input::hotkey::register[0m[2m:[0m Registered hotkey ToggleRecording (mods=0x4006, vk=0x71)
[2m2026-06-21T13:44:21.816538Z[0m [32m INFO[0m [2mnemotron_voice_input::hotkey::register[0m[2m:[0m Registered hotkey CycleLanguage (mods=0x4003, vk=0x4c)
[2m2026-06-21T13:44:21.816618Z[0m [32m INFO[0m [2mnemotron_voice_input::hotkey::register[0m[2m:[0m Registered hotkey Flush (mods=0x4003, vk=0x20)
[2m2026-06-21T13:44:21.816693Z[0m [32m INFO[0m [2mnemotron_voice_input::hotkey::register[0m[2m:[0m Registered hotkey PushToTalk (mods=0x4006, vk=0x4c)
[2m2026-06-21T13:44:21.816785Z[0m [32m INFO[0m [2mnemotron_voice_input[0m[2m:[0m Hotkeys registered: ToggleRecording(Ctrl+Shift+F2), CycleLanguage(Ctrl+Alt+L), Flush(Ctrl+Alt+Space), PushToTalk(Ctrl+Shift+L)
[2m2026-06-21T13:44:21.816869Z[0m [32m INFO[0m [2mnemotron_voice_input[0m[2m:[0m UI language: Chinese
[2m2026-06-21T13:44:21.818601Z[0m [32m INFO[0m [2mnemotron_voice_input::ui::tray[0m[2m:[0m Hidden tray window created (HWND=HWND(0x5904ea))
[2m2026-06-21T13:44:21.832985Z[0m [32m INFO[0m [2mnemotron_voice_input::ui::tray[0m[2m:[0m Tray icon added
[2m2026-06-21T13:44:21.833130Z[0m [32m INFO[0m [2mnemotron_voice_input::ui::tray[0m[2m:[0m System tray initialized
[2m2026-06-21T13:44:21.863179Z[0m [32m INFO[0m [2mnemotron_voice_input::ui::config_window[0m[2m:[0m Config window opened
[2m2026-06-21T13:44:21.863574Z[0m [32m INFO[0m [2mnemotron_voice_input[0m[2m:[0m Audio thread priority set to 2
[2m2026-06-21T13:44:21.863938Z[0m [32m INFO[0m [2mnemotron_voice_input::asr::sherpa[0m[2m:[0m All required model files present in "models"
[2m2026-06-21T13:44:21.866510Z[0m [32m INFO[0m [2mnemotron_voice_input[0m[2m:[0m Chinese text converter initialized
[2m2026-06-21T13:44:21.866669Z[0m [32m INFO[0m [2mnemotron_voice_input[0m[2m:[0m Ready. Press Ctrl+Shift+F2 to start/stop recording, Ctrl+Shift+L for push-to-talk. Language: zh
[2m2026-06-21T13:44:24.876333Z[0m [32m INFO[0m [2mnemotron_voice_input::asr::sherpa[0m[2m:[0m Sherpa ASR engine initialized successfully
[2m2026-06-21T13:44:24.876561Z[0m [32m INFO[0m [2mnemotron_voice_input::asr::sherpa[0m[2m:[0m Language set to: zh
[2m2026-06-21T13:44:24.876679Z[0m [32m INFO[0m [2mnemotron_voice_input::asr::sherpa[0m[2m:[0m VAD enabled
[2m2026-06-21T13:44:24.876789Z[0m [32m INFO[0m [2mnemotron_voice_input[0m[2m:[0m Audio processing: capture 48000 Hz → target 16000 Hz, chunk 33600 → 11200 samples
